Starting...
Synchronizing database
Sync complete
Retrieving missing episodes
Searching for The 100 s01e01
Parse error (thepiratebay.se)
Found: The 100 S01E01 HDTV x264-2HD[ettv]
Download complete: The 100 S01E01 HDTV x264-2HD[ettv]
{ [Error: EACCES: permission denied, mkdir '/media/drive/tvshows/The 100/Season 01']
  errno: -13,
  code: 'EACCES',
  syscall: 'mkdir',
  path: '/media/drive/tvshows/The 100/Season 01' }
Searching for The 100 s01e02
Parse error (thepiratebay.se)
Found: The 100 S01E02 HDTV x264-BATV[ettv]
Download complete: The 100 S01E02 HDTV x264-BATV[ettv]
{ [Error: EACCES: permission denied, mkdir '/media/drive/tvshows/The 100/Season 01']
  errno: -13,
  code: 'EACCES',
  syscall: 'mkdir',
  path: '/media/drive/tvshows/The 100/Season 01' }
Searching for The 100 s01e03
Parse error (thepiratebay.se)
Found: The 100 S01E03 HDTV x264-EXCELLENCE [eztv]
{ [Error: EACCES: permission denied, mkdir '/media/drive/tvshows/The 100/Season 01']
  errno: -13,
  code: 'EACCES',
  syscall: 'mkdir',
  path: '/media/drive/tvshows/The 100/Season 01' }
Searching for The 100 s01e04
Parse error (thepiratebay.se)
Found: The 100 S01E04 HDTV x264-2HD[ettv]
Starting...
Synchronizing database
Sync complete
Retrieving missing episodes
Searching for The 100 s01e01
Parse error (thepiratebay.se)
Found: The 100 S01E01 HDTV x264-2HD[ettv]
Download complete: The 100 S01E01 HDTV x264-2HD[ettv]
Searching for The 100 s01e02
Parse error (thepiratebay.se)
Found: The 100 S01E02 HDTV x264-BATV[ettv]
Download complete: The 100 S01E02 HDTV x264-BATV[ettv]
Searching for The 100 s01e03
Parse error (thepiratebay.se)
Found: The 100 S01E03 HDTV x264-EXCELLENCE [eztv]
Searching for The 100 s01e04
Parse error (thepiratebay.se)
Found: The 100 S01E04 HDTV x264-2HD[ettv]
Download complete: The 100 S01E04 HDTV x264-2HD[ettv]
Searching for The 100 s01e05
Parse error (thepiratebay.se)
Found: The 100 S01E05 HDTV x264-2HD[ettv]
Download complete: The 100 S01E05 HDTV x264-2HD[ettv]
Searching for The 100 s01e06
Parse error (thepiratebay.se)
Found: The 100 S01E06 720p HDTV x264-KILLERS [eztv]
Searching for The 100 s01e07
Parse error (thepiratebay.se)
Found: The 100 S01E07 HDTV x264-LOL [eztv]
Searching for The 100 s01e08
Parse error (thepiratebay.se)
Found: The 100 S01E08 HDTV x264-2HD[ettv]
Download complete: The 100 S01E08 HDTV x264-2HD[ettv]
{ [Error: EBUSY: resource busy or locked, write] errno: -16, code: 'EBUSY', syscall: 'write' }
Searching for The 100 s01e09
Parse error (thepiratebay.se)
Found: The 100 S01E09 HDTV x264-LOL[ettv]
{ [Error: ECONNABORTED: software caused connection abort, close] errno: -103, code: 'ECONNABORTED', syscall: 'close' }
Searching for The 100 s01e10
Parse error (thepiratebay.se)
Found: The 100 S01E10 HDTV x264-LOL [eztv]
Download complete: The 100 S01E09 HDTV x264-LOL[ettv]
{ [Error: ENOTCONN: socket is not connected, mkdir '/media/drive/tvshows/The 100/Season 01']
  errno: -107,
  code: 'ENOTCONN',
  syscall: 'mkdir',
  path: '/media/drive/tvshows/The 100/Season 01' }
Searching for The 100 s01e11
Parse error (thepiratebay.se)
Found: The 100 S01E11 HDTV x264-2HD [eztv]
{ [Error: ENOTCONN: socket is not connected, mkdir '/media/drive/tvshows/The 100/Season 01']
  errno: -107,
  code: 'ENOTCONN',
  syscall: 'mkdir',
  path: '/media/drive/tvshows/The 100/Season 01' }
Searching for The 100 s01e12
Parse error (thepiratebay.se)
Found: The 100 S01E12 HDTV x264-KILLERS[ettv]
{ [Error: ENOENT: no such file or directory, open '/home/plex/plexdev/downloads/e9991584017e5ed4c143c42d67dc7074243e9a1c.torrent']
  errno: -2,
  code: 'ENOENT',
  syscall: 'open',
  path: '/home/plex/plexdev/downloads/e9991584017e5ed4c143c42d67dc7074243e9a1c.torrent' }
No info
Failed: unable to download The 100 S01E11 HDTV x264-2HD [eztv]
Searching for The 100 s01e13
Parse error (thepiratebay.se)
Found: The 100 S01E13 720p HDTV X264-DIMENSION [eztv]
{ [Error: ENOENT: no such file or directory, open '/home/plex/plexdev/downloads/02013439b6c963d3108785c2372dd25c671678d4.torrent']
  errno: -2,
  code: 'ENOENT',
  syscall: 'open',
  path: '/home/plex/plexdev/downloads/0201343Starting...
Synchronizing database
Starting...
Synchronizing database
Starting...
Synchronizing database
Starting...
Synchronizing database
Starting...
Synchronizing database
Starting...
Synchronizing database
Starting...
Synchronizing database
Starting...
Synchronizing database
Starting...
Synchronizing database
Starting...
Synchronizing database
Starting...
Synchronizing database
Starting...
Synchronizing database
Starting...
Synchronizing database
Starting...
Synchronizing database
Starting...
Synchronizing database
Starting...
Synchronizing database
Starting...
Synchronizing database
Starting...
Synchronizing database
Starting...
Synchronizing database
Starting...
Synchronizing database
Starting...
Synchronizing database
Starting...
Synchronizing database
Starting...
Synchronizing database
Starting...
Synchronizing database
Starting...
Synchronizing database
Starting...
Synchronizing database
Starting...
Synchronizing database
Starting...
Synchronizing database
Starting...
Synchronizing database
Starting...
Synchronizing database
Starting...
Synchronizing database
Starting...
Synchronizing database
Starting...
Synchronizing database
Starting...
Synchronizing database
Starting...
Synchronizing database
Starting...
Synchronizing database
Starting...
Synchronizing database
Starting...
Synchronizing database
Starting...
Synchronizing database
Starting...
Synchronizing database
Starting...
Synchronizing database
Starting...
Synchronizing database
Starting...
Synchronizing database
Starting...
Synchronizing database
Starting...
Synchronizing database
Starting...
Synchronizing database
Starting...
Synchronizing database
Starting...
Synchronizing database
Starting...
Synchronizing database
Starting...
Synchronizing database
Starting...
Synchronizing database
Starting...
Synchronizing database
Starting...
Synchronizing database
Starting...
Synchronizing database
Starting...
Synchronizing database
Starting...
Synchronizing database
Starting...
Synchronizing database
Starting...
Synchronizing database
Starting...
Synchronizing database
Starting...
Synchronizing database
Starting...
Synchronizing database
Starting...
Synchronizing database
Starting...
Synchronizing database
Starting...
Synchronizing database
Starting...
Synchronizing database
Starting...
Synchronizing database
Starting...
Synchronizing database
Starting...
Synchronizing database
Starting...
Synchronizing database
Starting...
Synchronizing database
Starting...
Synchronizing database
Starting...
Synchronizing database
Starting...
Synchronizing database
Starting...
Synchronizing database
Starting...
Synchronizing database
Starting...
Synchronizing database
Starting...
Synchronizing database
Starting...
Synchronizing database
Starting...
Synchronizing database
Starting...
Synchronizing database
Starting...
Synchronizing database
Starting...
Synchronizing database
Starting...
Synchronizing database
Starting...
Synchronizing database
Starting...
Synchronizing database
Starting...
Synchronizing database
Starting...
Synchronizing database
Starting...
Synchronizing database
Starting...
Synchronizing database
Starting...
Synchronizing database
Starting...
Synchronizing database
Starting...
Synchronizing database
Starting...
Synchronizing database
Starting...
Synchronizing database
Starting...
Synchronizing database
Starting...
Synchronizing database
Starting...
Synchronizing database
Starting...
Synchronizing database
Starting...
Synchronizing database
Starting...
Synchronizing database
Starting...
Synchronizing database
Starting...
Synchronizing database
Starting...
Synchronizing database
Starting...
Synchronizing database
Starting...
Synchronizing database
Starting...
Synchronizing database
Starting...
Synchronizing database
Starting...
Synchronizing database
Starting...
Synchronizing database
Starting...
Synchronizing database
Starting...
Synchronizing database
Starting...
Synchronizing database
Starting...
Synchronizing database
Starting...
Synchronizing database
Starting...
Synchronizing database
Starting...
Synchronizing database
Starting...
Synchronizing database
Starting...
Synchronizing database
Starting...
Synchronizing database
Starting...
Synchronizing database
Starting...
Synchronizing database
Starting...
Synchronizing database
Starting...
Synchronizing database
Starting...
Synchronizing database
Starting...
Synchronizing database
Starting...
Synchronizing database
Starting...
Synchronizing database
Starting...
Synchronizing database
Starting...
Synchronizing database
Starting...
Synchronizing database
Starting...
Synchronizing database
Starting...
Synchronizing database
Starting...
Synchronizing database
Starting...
Synchronizing database
Starting...
Synchronizing database
Sync complete
Retrieving missing episodes
Downloads complete
Starting...
Synchronizing database
Starting...
Synchronizing database
Starting...
Synchronizing database
Starting...
Synchronizing database
Starting...
Synchronizing database
Starting...
Synchronizing database
Starting...
Synchronizing database
Starting...
Synchronizing database
Starting...
Synchronizing database
Starting...
Synchronizing database
Starting...
Synchronizing database
Starting...
Synchronizing database
Starting...
Synchronizing database
Starting...
Synchronizing database
Starting...
Synchronizing database
Starting...
Synchronizing database
Starting...
Synchronizing database
Starting...
Synchronizing database
Starting...
Synchronizing database
Starting...
Synchronizing database
Starting...
Synchronizing database
Starting...
Synchronizing database
Starting...
Synchronizing database
Starting...
Synchronizing database
Starting...
Synchronizing database
Starting...
Synchronizing database
Starting...
Synchronizing database
Starting...
Synchronizing database
Starting...
Synchronizing database
Starting...
Synchronizing database
Starting...
Synchronizing database
Starting...
Synchronizing database
Starting...
Synchronizing database
Starting...
Synchronizing database
Starting...
Synchronizing database
Starting...
Synchronizing database
Starting...
Synchronizing database
Starting...
Synchronizing database
Starting...
Synchronizing database
Starting...
Synchronizing database
Starting...
Synchronizing database
Starting...
Synchronizing database
Starting...
Synchronizing database
Starting...
Synchronizing database
Starting...
Synchronizing database
Starting...
Synchronizing database
Starting...
Synchronizing database
Starting...
Synchronizing database
Starting...
Synchronizing database
Starting...
Synchronizing database
Starting...
Synchronizing database
Starting...
Synchronizing database
Starting...
Synchronizing database
Starting...
Synchronizing database
Starting...
Synchronizing database
Starting...
Synchronizing database
Starting...
Synchronizing database
Starting...
Synchronizing database
Starting...
Synchronizing database
Starting...
Synchronizing database
Starting...
Synchronizing database
Starting...
Synchronizing database
Starting...
Synchronizing database
Starting...
Synchronizing database
Starting...
Synchronizing database
Starting...
Synchronizing database
Starting...
Synchronizing database
Starting...
Synchronizing database
Starting...
Synchronizing database
Starting...
Synchronizing database
Starting...
Synchronizing database
Starting...
Synchronizing database
Starting...
Synchronizing database
Starting...
Synchronizing database
Starting...
Synchronizing database
Starting...
Synchronizing database
Starting...
Synchronizing database
Starting...
Synchronizing database
Starting...
Synchronizing database
Starting...
Synchronizing database
Starting...
Synchronizing database
Starting...
Synchronizing database
Starting...
Synchronizing database
Starting...
Synchronizing database
Starting...
Synchronizing database
Starting...
Synchronizing database
Starting...
Synchronizing database
Starting...
Synchronizing database
Starting...
Synchronizing database
Starting...
Synchronizing database
Starting...
Synchronizing database
Starting...
Synchronizing database
Starting...
Synchronizing database
Starting...
Synchronizing database
Starting...
Synchronizing database
Starting...
Synchronizing database
Starting...
Synchronizing database
Starting...
Synchronizing database
Starting...
Synchronizing database
Starting...
Synchronizing database
Starting...
Synchronizing database
Starting...
Synchronizing database
Starting...
Synchronizing database
Starting...
Synchronizing database
Starting...
Synchronizing database
Starting...
Synchronizing database
Starting...
Synchronizing database
Starting...
Synchronizing database
Starting...
Synchronizing database
Starting...
Synchronizing database
Starting...
Synchronizing database
Starting...
Synchronizing database
Starting...
Synchronizing database
Starting...
Synchronizing database
Starting...
Synchronizing database
Starting...
Synchronizing database
Starting...
Synchronizing database
Starting...
Synchronizing database
Starting...
Synchronizing database
Starting...
Synchronizing database
Starting...
Synchronizing database
Starting...
Synchronizing database
Starting...
Synchronizing database
Starting...
Synchronizing database
Starting...
Synchronizing database
Starting...
Synchronizing database
Starting...
Synchronizing database
Starting...
Synchronizing database
Starting...
Synchronizing database
Starting...
Synchronizing database
Starting...
Synchronizing database
Starting...
Synchronizing database
Starting...
Synchronizing database
Starting...
Synchronizing database
Starting...
Synchronizing database
Starting...
Synchronizing database
Starting...
Synchronizing database
Starting...
Synchronizing database
Starting...
Synchronizing database
Starting...
Synchronizing database
Starting...
Synchronizing database
Starting...
Synchronizing database
Starting...
Synchronizing database
Starting...
Synchronizing database
Starting...
Synchronizing database
Sync complete
Retrieving missing episodes
Downloads complete
